<?xml version="1.0" encoding="UTF-8"?>
<!-- Generated by org.testng.reporters.JUnitReportReporter -->
<testsuite skipped="1" hostname="INPUCZPC00003" name="com.vil.web.tests.postpaid.lead.Test_Automation_228" tests="1" failures="0" timestamp="23 Apr 2018 14:03:42 GMT" time="0.000" errors="0">
  <testcase name="leadCreationForNonVodafone" time="0.000" classname="com.vil.web.tests.postpaid.lead.Test_Automation_228">
    <skipped/>
  </testcase> <!-- leadCreationForNonVodafone -->
</testsuite> <!-- com.vil.web.tests.postpaid.lead.Test_Automation_228 -->
