<?xml version="1.0" encoding="UTF-8"?>
<!-- Generated by org.testng.reporters.JUnitReportReporter -->
<testsuite skipped="1" hostname="INPUCZPC00003" name="com.vil.web.tests.prepaid.enquiry.activation.TC_261_PrepaidBalanceAndRechargeEnquiry" tests="1" failures="0" timestamp="23 Apr 2018 14:03:42 GMT" time="0.000" errors="0">
  <testcase name="balanceAndRechargeEnquiryForPrepaid" time="0.000" classname="com.vil.web.tests.prepaid.enquiry.activation.TC_261_PrepaidBalanceAndRechargeEnquiry">
    <skipped/>
  </testcase> <!-- balanceAndRechargeEnquiryForPrepaid -->
</testsuite> <!-- com.vil.web.tests.prepaid.enquiry.activation.TC_261_PrepaidBalanceAndRechargeEnquiry -->
